Vivado Simulator 2017.2
Copyright 1986-1999, 2001-2016 Xilinx, Inc. All Rights Reserved.
Running: C:/Xilinx/Vivado/2017.2/bin/unwrapped/win64.o/xelab.exe -wto e3b0ee83c82446c1bd404afd0e36208b --debug typical --relax --mt 2 -L xil_defaultlib -L secureip --snapshot Microprocessor_tb_behav xil_defaultlib.Microprocessor_tb -log elaborate.log 
Using 2 slave threads.
Starting static elaboration
Completed static elaboration
Starting simulation data flow analysis
Completed simulation data flow analysis
Time Resolution for simulation is 1ps
Compiling package std.standard
Compiling package std.textio
Compiling package ieee.std_logic_1164
Compiling package ieee.numeric_std
Compiling package ieee.std_logic_arith
Compiling package ieee.std_logic_unsigned
Compiling architecture behavioral of entity xil_defaultlib.General_Purpose_Register [general_purpose_register_default]
Compiling architecture behavioral of entity xil_defaultlib.Alu [alu_default]
Compiling architecture behavioral of entity xil_defaultlib.Multiplexer_2x1 [multiplexer_2x1_default]
Compiling architecture behavioral of entity xil_defaultlib.Ram [ram_default]
Compiling architecture behavioral of entity xil_defaultlib.Rom [rom_default]
Compiling architecture behavioral of entity xil_defaultlib.Program_Counter_Register [program_counter_register_default]
Compiling architecture behavioral of entity xil_defaultlib.Instruction_Decoder [instruction_decoder_default]
Compiling architecture behavioral of entity xil_defaultlib.Microprocessor [microprocessor_default]
Compiling architecture behavioral of entity xil_defaultlib.microprocessor_tb
Built simulation snapshot Microprocessor_tb_behav
